<?xml version="1.0" encoding="UTF-8"?>
<testng-results ignored="0" total="1" passed="1" failed="0" skipped="0">
  <reporter-output>
  </reporter-output>
  <suite started-at="2023-12-05T14:49:15 IST" name="Suite" finished-at="2023-12-05T14:50:00 IST" duration-ms="44348">
    <groups>
    </groups>
    <test started-at="2023-12-05T14:49:15 IST" name="Test" finished-at="2023-12-05T14:50:00 IST" duration-ms="44348">
      <class name="Test_Cases.qalegend_Testcases">
        <test-method is-config="true" signature="intialization(java.lang.String)[pri:0, instance:Test_Cases.qalegend_Testcases@30c8681]" started-at="2023-12-05T14:49:15 IST" name="intialization" finished-at="2023-12-05T14:49:47 IST" duration-ms="31997" status="PASS">
          <params>
            <param index="0">
              <value>
                <![CDATA[chrome]]>
              </value>
            </param>
          </params>
          <reporter-output>
          </reporter-output>
        </test-method> <!-- intialization -->
        <test-method signature="tc10()[pri:0, instance:Test_Cases.qalegend_Testcases@30c8681]" started-at="2023-12-05T14:49:47 IST" name="tc10" finished-at="2023-12-05T14:50:00 IST" duration-ms="12261" status="PASS">
          <reporter-output>
          </reporter-output>
        </test-method> <!-- tc10 -->
      </class> <!-- Test_Cases.qalegend_Testcases -->
    </test> <!-- Test -->
  </suite> <!-- Suite -->
</testng-results>
